#
# A fatal error has been detected by the Java Runtime Environment:
#
#  EXCEPTION_ACCESS_VIOLATION (0xc0000005) at pc=0x000000007110b5db, pid=13160, tid=13096
#
# JRE version: OpenJDK Runtime Environment Zulu23.30+13-CA (23.0.1+11) (build 23.0.1+11)
# Java VM: OpenJDK 64-Bit Server VM Zulu23.30+13-CA (23.0.1+11, mixed mode, sharing, tiered, compressed oops, compressed class ptrs, g1 gc, windows-amd64)
# Problematic frame:
# C  [jSSC-2.8_x86_64.dll+0xb5db]
#
# No core dump will be written. Minidumps are not enabled by default on client versions of Windows
#
# If you would like to submit a bug report, please visit:
#   http://www.azul.com/support/
# The crash happened outside the Java Virtual Machine in native code.
# See problematic frame for where to report the bug.
#

---------------  S U M M A R Y ------------

Command Line: -Dfile.encoding=UTF-8 --module-path=C:\Users\Ivan\Documents\NetBeansProjects\SerialPort\build\classes serialport.SerialPort

Host: 11th Gen Intel(R) Core(TM) i5-1135G7 @ 2.40GHz, 8 cores, 15G,  Windows 11 , 64 bit Build 22621 (10.0.22621.3958)
Time: Fri Oct 18 10:36:00 2024 Hora estándar central (México) elapsed time: 1.019505 seconds (0d 0h 0m 1s)

---------------  T H R E A D  ---------------

Current thread (0x0000021922ca0720):  JavaThread "main"             [_thread_in_native, id=13096, stack(0x0000005660a00000,0x0000005660b00000) (1024K)]

Stack: [0x0000005660a00000,0x0000005660b00000],  sp=0x0000005660aff540,  free space=1021k
Native frames: (J=compiled Java code, j=interpreted, Vv=VM code, C=native code)
C  [jSSC-2.8_x86_64.dll+0xb5db]  (no source info available)
C  [jSSC-2.8_x86_64.dll+0x12590]  (no source info available)
C  [jSSC-2.8_x86_64.dll+0x1595]  (no source info available)
C  0x0000021934e5d307  (no source info available)

The last pc belongs to native method entry point (kind = native) (printed below).
Java frames: (J=compiled Java code, j=interpreted, Vv=VM code)
j  jssc.SerialNativeInterface.openPort(Ljava/lang/String;Z)J+0
j  jssc.SerialPort.openPort()Z+65
j  vista.Principal.Conectar(Ljava/lang/String;)V+14
j  vista.Principal.<init>()V+105
j  serialport.SerialPort.main([Ljava/lang/String;)V+4
v  ~StubRoutines::call_stub 0x0000021934e50fcd

siginfo: EXCEPTION_ACCESS_VIOLATION (0xc0000005), reading address 0x0000000022e7eeb9


Registers:
RAX=0x0000000022e7eeb9, RBX=0x0000005660aff5b0, RCX=0x00007ffc57e30314, RDX=0x0000000000000000
RSP=0x0000005660aff540, RBP=0x0000005660aff6c0, RSI=0x0000021922ca0ae0, RDI=0x000000000000063c
R8 =0x0000005660aff438, R9 =0x0000000000000000, R10=0x0000000000000000, R11=0x0000000000000246
R12=0x0000005660aff780, R13=0x000002198c0b3ea0, R14=0x0000005660aff670, R15=0x0000021922ca0720
RIP=0x000000007110b5db, EFLAGS=0x0000000000010206


Register to memory mapping:

RAX=0x0000000022e7eeb9 is an unknown value
RBX=0x0000005660aff5b0 is pointing into the stack for thread: 0x0000021922ca0720
RCX=0x00007ffc57e30314 ntdll.dll
RDX=0x0 is null
RSP=0x0000005660aff540 is pointing into the stack for thread: 0x0000021922ca0720
RBP=0x0000005660aff6c0 is pointing into the stack for thread: 0x0000021922ca0720
RSI=0x0000021922ca0ae0 points into unknown readable memory: 0x00007ffbe7b02f90 | 90 2f b0 e7 fb 7f 00 00
RDI=0x000000000000063c is an unknown value
R8 =0x0000005660aff438 is pointing into the stack for thread: 0x0000021922ca0720
R9 =0x0 is null
R10=0x0 is null
R11=0x0000000000000246 is an unknown value
R12=0x0000005660aff780 is pointing into the stack for thread: 0x0000021922ca0720
R13=0x000002198c0b3ea0 points into unknown readable memory: 0x656e6d00334d4f43 | 43 4f 4d 33 00 6d 6e 65
R14=0x0000005660aff670 is pointing into the stack for thread: 0x0000021922ca0720
R15=0x0000021922ca0720 is a thread

Top of Stack: (sp=0x0000005660aff540)
0x0000005660aff540:   0000000000000000 000002198c008cf0
0x0000005660aff550:   000000007110b230 00007ffbe6f57456
0x0000005660aff560:   000002198bfd6c90 0000000000000004
0x0000005660aff570:   0000021922ca0ae0 000000000000063c
0x0000005660aff580:   0000005660aff6c0 0000000071112590
0x0000005660aff590:   0000021922ca0720 0000005660aff670
0x0000005660aff5a0:   000002198c0b3ea0 0000005660aff780
0x0000005660aff5b0:   000002198c0b3ea0 00007ffc57dcaff1
0x0000005660aff5c0:   000002198c0b3e90 0000021922c70000
0x0000005660aff5d0:   0000005660aff6c0 0000000000000000
0x0000005660aff5e0:   0000000071113500 0000000071113be8
0x0000005660aff5f0:   0000005660aff620 0000000071112641
0x0000005660aff600:   0000005660aff590 0000021922ca0ae0
0x0000005660aff610:   0000000000000000 0000000000000000
0x0000005660aff620:   0000005660aff6c0 0000000071101595
0x0000005660aff630:   000000000000001c 0000005600000000
0x0000005660aff640:   0000000000000004 0000005660aff6c0
0x0000005660aff650:   0000021900000003 00007ffb40000000
0x0000005660aff660:   0000000000000000 0000000000000996
0x0000005660aff670:   334d4f435c2e5c5c 0000021922ca0700
0x0000005660aff680:   000002005c2e5c5c 0000021922ca0720
0x0000005660aff690:   0000021986959470 00000219863f2288
0x0000005660aff6a0:   0000000000000200 0000000000000000
0x0000005660aff6b0:   0000021986959470 0000005660aff788
0x0000005660aff6c0:   0000005660aff758 0000021934e5d307
0x0000005660aff6d0:   0000000000000200 0000021934e5cfde
0x0000005660aff6e0:   0000021986959470 00000219863f2288
0x0000005660aff6f0:   000002198688b9c8 0000000713a10f28
0x0000005660aff700:   0000000712eeffc8 0000021934e5cf9b
0x0000005660aff710:   fffffffffffffff7 0000021986959470
0x0000005660aff720:   0000000000000006 000002198695a790
0x0000005660aff730:   0000000000000000 0000000712ed9098 

Instructions: (pc=0x000000007110b5db)
0x000000007110b4db:   48 85 c0 74 bf 44 8b 03 45 85 c0 0f 84 77 ff ff
0x000000007110b4eb:   ff eb 9f 66 90 e8 8b fe ff ff 48 89 05 0c 34 01
0x000000007110b4fb:   00 eb ad 66 90 e8 7b fe ff ff 48 89 05 fc 33 01
0x000000007110b50b:   00 eb 8b e8 8d fe ff ff c7 03 01 00 00 00 e9 6f
0x000000007110b51b:   ff ff ff 66 90 55 48 89 e5 56 53 48 83 ec 20 48
0x000000007110b52b:   8b 05 d7 33 01 00 48 8b 31 48 89 cb 48 85 c0 74
0x000000007110b53b:   56 44 8b 18 45 85 db 78 42 48 8b 05 bd 33 01 00
0x000000007110b54b:   48 85 c0 74 50 44 8b 10 45 85 d2 74 1d 48 89 f1
0x000000007110b55b:   e8 d0 fd ff ff 48 8b 13 48 8d 42 40 48 8b 48 08
0x000000007110b56b:   48 8b 6a 40 48 8b 60 10 ff e1 48 8b 05 9c 33 01
0x000000007110b57b:   00 48 85 c0 74 2d 48 89 30 eb da e8 b5 fe ff ff
0x000000007110b58b:   0f 1f 44 00 00 eb b2 e8 e9 fd ff ff 48 89 05 6a
0x000000007110b59b:   33 01 00 eb 9c e8 db fd ff ff 48 89 05 5c 33 01
0x000000007110b5ab:   00 eb a2 e8 3d fd ff ff 48 89 05 5e 33 01 00 eb
0x000000007110b5bb:   c5 0f 1f 40 00 55 57 56 53 48 83 ec 28 48 8b 05
0x000000007110b5cb:   39 33 01 00 48 89 cb 48 85 c0 0f 84 c5 00 00 00
0x000000007110b5db:   8b 38 85 ff 0f 88 ab 00 00 00 48 8b 05 1c 33 01
0x000000007110b5eb:   00 48 85 c0 0f 84 bc 00 00 00 8b 30 85 f6 74 57
0x000000007110b5fb:   48 8b 05 0e 33 01 00 48 85 c0 0f 84 e5 00 00 00
0x000000007110b60b:   8b 28 48 8b 35 10 5e 01 00 ff d6 89 c7 89 e9 ff
0x000000007110b61b:   15 f4 5e 01 00 89 f9 48 89 c5 ff 15 b9 5e 01 00
0x000000007110b62b:   48 8b 05 de 32 01 00 48 89 2b 48 85 c0 74 46 48
0x000000007110b63b:   89 da 8b 08 ff 15 d7 5e 01 00 85 c0 74 27 48 83
0x000000007110b64b:   c4 28 5b 5e 5f 5d c3 48 8b 05 bf 32 01 00 48 85
0x000000007110b65b:   c0 74 64 48 8b 10 48 89 13 48 89 18 48 83 c4 28
0x000000007110b66b:   5b 5e 5f 5d c3 48 89 f2 48 83 c4 28 5b 5e 5f 5d
0x000000007110b67b:   48 ff e2 66 90 e8 8b fc ff ff 48 89 05 84 32 01
0x000000007110b68b:   00 eb ac 66 90 e8 ab fd ff ff e9 4b ff ff ff 66
0x000000007110b69b:   0f 1f 44 00 00 e8 db fc ff ff 48 89 05 5c 32 01
0x000000007110b6ab:   00 e9 2a ff ff ff e8 ca fc ff ff 48 89 05 4b 32
0x000000007110b6bb:   01 00 e9 33 ff ff ff e8 29 fc ff ff 48 89 05 4a
0x000000007110b6cb:   32 01 00 48 8b 10 48 85 c0 48 89 13 75 8b e8 12 


Stack slot to memory mapping:

stack at sp + 0 slots: 0x0 is null
stack at sp + 1 slots: 0x000002198c008cf0 points into unknown readable memory: 0x0000021922b21380 | 80 13 b2 22 19 02 00 00
stack at sp + 2 slots: 0x000000007110b230 jSSC-2.8_x86_64.dll
stack at sp + 3 slots: 0x00007ffbe6f57456 jvm.dll
stack at sp + 4 slots: 0x000002198bfd6c90 points into unknown readable memory: 0x005c002e005c005c | 5c 00 5c 00 2e 00 5c 00
stack at sp + 5 slots: 0x0000000000000004 is an unknown value
stack at sp + 6 slots: 0x0000021922ca0ae0 points into unknown readable memory: 0x00007ffbe7b02f90 | 90 2f b0 e7 fb 7f 00 00
stack at sp + 7 slots: 0x000000000000063c is an unknown value

Lock stack of current Java thread (top to bottom):

native method entry point (kind = native)  [0x0000021934e5cee0, 0x0000021934e5db38]  3160 bytes
[MachCode]
  0x0000021934e5cee0: 488b 4b08 | 0fb7 492e | 584c 8d74 | ccf8 6800 | 0000 0068 | 0000 0000 | 5055 488b | ec41 5568 
  0x0000021934e5cf00: 0000 0000 | 4c8b 6b08 | 4d8d 6d38 | 5348 8b53 | 0848 8b52 | 0848 8b52 | 1848 8b52 | 7048 8b12 
  0x0000021934e5cf20: 5248 8b53 | 1048 85d2 | 0f84 0700 | 0000 4881 | c210 0100 | 0052 488b | 5308 488b | 5208 488b 
  0x0000021934e5cf40: 5210 5249 | 8bc6 482b | c548 c1e8 | 0350 6800 | 0000 0068 | f7ff ffff | 41c6 8771 | 0400 0001 
  0x0000021934e5cf60: 488b 4310 | 4885 c074 | 208b 88cc | 0000 0083 | c102 8988 | cc00 0000 | 2388 e000 | 0000 0f84 
  0x0000021934e5cf80: 000b 0000 | e9cf 0000 | 0048 8b43 | 1848 85c0 | 0f85 b000 | 0000 e805 | 0000 00e9 | 9900 0000 
  0x0000021934e5cfa0: 488b d348 | 8d44 2408 | 4c89 6dc0 | 498b cfc5 | f877 4989 | afb0 0300 | 0049 8987 | a003 0000 
  0x0000021934e5cfc0: 4883 ec20 | 40f6 c40f | 0f84 1900 | 0000 4883 | ec08 48b8 | a0ef 27e7 | fb7f 0000 | ffd0 4883 
  0x0000021934e5cfe0: c408 e90c | 0000 0048 | b8a0 ef27 | e7fb 7f00 | 00ff d048 | 83c4 2049 | c787 a003 | 0000 0000 
  0x0000021934e5d000: 0000 49c7 | 87b0 0300 | 0000 0000 | 0049 c787 | a803 0000 | 0000 0000 | c5f8 7749 | 837f 0800 
  0x0000021934e5d020: 0f84 0500 | 0000 e995 | 3eff ff4c | 8b6d c04c | 8b75 c84e | 8d74 f500 | c348 8b43 | 1848 85c0 
  0x0000021934e5d040: 0f84 1200 | 0000 8b48 | 0883 c102 | 8948 0823 | 481c 0f84 | 2c0a 0000 | 493b a7e8 | 0400 000f 
  0x0000021934e5d060: 8748 0000 | 0089 8424 | 00f0 ffff | 8984 2400 | e0ff ff89 | 8424 00d0 | ffff 8984 | 2400 c0ff 
  0x0000021934e5d080: ff89 8424 | 00b0 ffff | 8984 2400 | a0ff ff89 | 8424 0090 | ffff 8984 | 2400 80ff | ff49 3ba7 
  0x0000021934e5d0a0: e004 0000 | 7607 4989 | a7e8 0400 | 0041 c687 | 7104 0000 | 0049 ba8a | c1b6 e7fb | 7f00 0041 
  0x0000021934e5d0c0: 803a 000f | 843e 0000 | 0048 8b55 | e849 8bcf | 4883 ec20 | 40f6 c40f | 0f84 1900 | 0000 4883 
  0x0000021934e5d0e0: ec08 48b8 | 00eb 5fe7 | fb7f 0000 | ffd0 4883 | c408 e90c | 0000 0048 | b800 eb5f | e7fb 7f00 
  0x0000021934e5d100: 00ff d048 | 83c4 2048 | 8b5d e84c | 8b5b 0845 | 0fb7 5b2e | 41c1 e303 | 492b e348 | 83ec 2048 
  0x0000021934e5d120: 83e4 f04c | 8b5b 604d | 85db 0f85 | ab00 0000 | e805 0000 | 00e9 9900 | 0000 488b | d348 8d44 
  0x0000021934e5d140: 2408 4c89 | 6dc0 498b | cfc5 f877 | 4989 afb0 | 0300 0049 | 8987 a003 | 0000 4883 | ec20 40f6 
  0x0000021934e5d160: c40f 0f84 | 1900 0000 | 4883 ec08 | 48b8 d016 | 28e7 fb7f | 0000 ffd0 | 4883 c408 | e90c 0000 
  0x0000021934e5d180: 0048 b8d0 | 1628 e7fb | 7f00 00ff | d048 83c4 | 2049 c787 | a003 0000 | 0000 0000 | 49c7 87b0 
  0x0000021934e5d1a0: 0300 0000 | 0000 0049 | c787 a803 | 0000 0000 | 0000 c5f8 | 7749 837f | 0800 0f84 | 0500 0000 
  0x0000021934e5d1c0: e9fb 3cff | ff4c 8b6d | c04c 8b75 | c84e 8d74 | f500 c348 | 8b5d e84c | 8b5b 6041 | ffd3 488b 
  0x0000021934e5d1e0: 5de8 4889 | 4518 448b | 5b28 41f6 | c308 0f84 | 1b00 0000 | 4c8b 5b08 | 4d8b 5b08 | 4d8b 5b18 
  0x0000021934e5d200: 4d8b 5b70 | 4d8b 1b4c | 895d 1048 | 8d55 1048 | 8b43 5849 | ba00 3860 | e7fb 7f00 | 0049 3bc2 
  0x0000021934e5d220: 0f85 ab00 | 0000 e805 | 0000 00e9 | 9900 0000 | 488b d348 | 8d44 2408 | 4c89 6dc0 | 498b cfc5 
  0x0000021934e5d240: f877 4989 | afb0 0300 | 0049 8987 | a003 0000 | 4883 ec20 | 40f6 c40f | 0f84 1900 | 0000 4883 
  0x0000021934e5d260: ec08 48b8 | d016 28e7 | fb7f 0000 | ffd0 4883 | c408 e90c | 0000 0048 | b8d0 1628 | e7fb 7f00 
  0x0000021934e5d280: 00ff d048 | 83c4 2049 | c787 a003 | 0000 0000 | 0000 49c7 | 87b0 0300 | 0000 0000 | 0049 c787 
  0x0000021934e5d2a0: a803 0000 | 0000 0000 | c5f8 7749 | 837f 0800 | 0f84 0500 | 0000 e905 | 3cff ff4c | 8b6d c04c 
  0x0000021934e5d2c0: 8b75 c84e | 8d74 f500 | c348 8b5d | e848 8b43 | 5849 8d8f | c003 0000 | c5f8 7749 | 89af b003 
  0x0000021934e5d2e0: 0000 49ba | d8d2 e534 | 1902 0000 | 4d89 97a8 | 0300 0049 | 89a7 a003 | 0000 41c7 | 8744 0400 
  0x0000021934e5d300: 0004 0000 | 00ff d0c5 | f877 4883 | ec10 c5fb | 1104 2448 | 83ec 1048 | 8904 2448 | c744 2408 
  0x0000021934e5d320: 0000 0000 | 41c7 8744 | 0400 0005 | 0000 00f0 | 8344 24c0 | 0049 3baf | 4804 0000 | 0f87 0e00 
  0x0000021934e5d340: 0000 4183 | bf40 0400 | 0000 0f84 | 2000 0000 | 498b cf4c | 8be4 4883 | ec20 4883 | e4f0 48b8 
  0x0000021934e5d360: 7074 29e7 | fb7f 0000 | ffd0 498b | e44d 33e4 | 41c7 8744 | 0400 0008 | 0000 0049 | c787 a003 
  0x0000021934e5d380: 0000 0000 | 0000 49c7 | 87b0 0300 | 0000 0000 | 0049 c787 | a803 0000 | 0000 0000 | c5f8 774d 
  0x0000021934e5d3a0: 8b9f 3004 | 0000 41c7 | 8300 0100 | 0000 0000 | 0049 bbda | a5e5 3419 | 0200 004c | 3b5d 180f 
  0x0000021934e5d3c0: 8524 0300 | 0048 8b04 | 2448 83c4 | 1048 85c0 | 0f84 fe02 | 0000 a803 | 0f85 0800 | 0000 488b 
  0x0000021934e5d3e0: 00e9 ee02 | 0000 a801 | 0f85 0900 | 0000 488b | 40fe e9dd | 0200 0048 | 8b40 ff41 | 807f 3800 
  0x0000021934e5d400: 0f84 ce02 | 0000 4883 | f800 0f84 | c402 0000 | 4d8b 5f28 | 4983 fb00 | 0f84 1400 | 0000 4983 
  0x0000021934e5d420: eb08 4d89 | 5f28 4d03 | 5f30 4989 | 03e9 a202 | 0000 4881 | ec50 0100 | 0048 8904 | 2448 894c 
  0x0000021934e5d440: 2408 4889 | 5424 1048 | 8974 2418 | 4889 7c24 | 204c 8944 | 2428 4c89 | 4c24 304c | 8954 2438 
  0x0000021934e5d460: 4c89 5c24 | 40c5 fb11 | 4424 50c5 | fb11 4c24 | 58c5 fb11 | 5424 60c5 | fb11 5c24 | 68c5 fb11 
  0x0000021934e5d480: 6424 70c5 | fb11 6c24 | 78c5 fb11 | b424 8000 | 0000 c5fb | 11bc 2488 | 0000 00c5 | 7b11 8424 
  0x0000021934e5d4a0: 9000 0000 | c57b 118c | 2498 0000 | 00c5 7b11 | 9424 a000 | 0000 c57b | 119c 24a8 | 0000 00c5 
  0x0000021934e5d4c0: 7b11 a424 | b000 0000 | c57b 11ac | 24b8 0000 | 00c5 7b11 | b424 c000 | 0000 c57b | 11bc 24c8 
  0x0000021934e5d4e0: 0000 0062 | e1ff 0811 | 4424 1a62 | e1ff 0811 | 4c24 1b62 | e1ff 0811 | 5424 1c62 | e1ff 0811 
  0x0000021934e5d500: 5c24 1d62 | e1ff 0811 | 6424 1e62 | e1ff 0811 | 6c24 1f62 | e1ff 0811 | 7424 2062 | e1ff 0811 
  0x0000021934e5d520: 7c24 2162 | 61ff 0811 | 4424 2262 | 61ff 0811 | 4c24 2362 | 61ff 0811 | 5424 2462 | 61ff 0811 
  0x0000021934e5d540: 5c24 2562 | 61ff 0811 | 6424 2662 | 61ff 0811 | 6c24 2762 | 61ff 0811 | 7424 2862 | 61ff 0811 
  0x0000021934e5d560: 7c24 2949 | 8bd7 488b | c848 83ec | 2040 f6c4 | 0f0f 8419 | 0000 0048 | 83ec 0848 | b890 c81c 
  0x0000021934e5d580: e7fb 7f00 | 00ff d048 | 83c4 08e9 | 0c00 0000 | 48b8 90c8 | 1ce7 fb7f | 0000 ffd0 | 4883 c420 
  0x0000021934e5d5a0: 6261 ff08 | 107c 2429 | 6261 ff08 | 1074 2428 | 6261 ff08 | 106c 2427 | 6261 ff08 | 1064 2426 
  0x0000021934e5d5c0: 6261 ff08 | 105c 2425 | 6261 ff08 | 1054 2424 | 6261 ff08 | 104c 2423 | 6261 ff08 | 1044 2422 
  0x0000021934e5d5e0: 62e1 ff08 | 107c 2421 | 62e1 ff08 | 1074 2420 | 62e1 ff08 | 106c 241f | 62e1 ff08 | 1064 241e 
  0x0000021934e5d600: 62e1 ff08 | 105c 241d | 62e1 ff08 | 1054 241c | 62e1 ff08 | 104c 241b | 62e1 ff08 | 1044 241a 
  0x0000021934e5d620: c57b 10bc | 24c8 0000 | 00c5 7b10 | b424 c000 | 0000 c57b | 10ac 24b8 | 0000 00c5 | 7b10 a424 
  0x0000021934e5d640: b000 0000 | c57b 109c | 24a8 0000 | 00c5 7b10 | 9424 a000 | 0000 c57b | 108c 2498 | 0000 00c5 
  0x0000021934e5d660: 7b10 8424 | 9000 0000 | c5fb 10bc | 2488 0000 | 00c5 fb10 | b424 8000 | 0000 c5fb | 106c 2478 
  0x0000021934e5d680: c5fb 1064 | 2470 c5fb | 105c 2468 | c5fb 1054 | 2460 c5fb | 104c 2458 | c5fb 1044 | 2450 4c8b 
  0x0000021934e5d6a0: 5c24 404c | 8b54 2438 | 4c8b 4c24 | 304c 8b44 | 2428 488b | 7c24 2048 | 8b74 2418 | 488b 5424 
  0x0000021934e5d6c0: 1048 8b4c | 2408 488b | 0424 4881 | c450 0100 | 00c5 f877 | 4889 4510 | 4883 ec10 | 4889 0424 
  0x0000021934e5d6e0: 48c7 4424 | 0800 0000 | 0041 83bf | c804 0000 | 020f 85bf | 0000 0048 | 81ec 8000 | 0000 4889 
  0x0000021934e5d700: 4424 7848 | 894c 2470 | 4889 5424 | 6848 895c | 2460 4889 | 6c24 5048 | 8974 2448 | 4889 7c24 
  0x0000021934e5d720: 404c 8944 | 2438 4c89 | 4c24 304c | 8954 2428 | 4c89 5c24 | 204c 8964 | 2418 4c89 | 6c24 104c 
  0x0000021934e5d740: 8974 2408 | 4c89 3c24 | 4c8b e448 | 83ec 2048 | 83e4 f048 | b8c0 1f60 | e7fb 7f00 | 00ff d049 
  0x0000021934e5d760: 8be4 4c8b | 3c24 4c8b | 7424 084c | 8b6c 2410 | 4c8b 6424 | 184c 8b5c | 2420 4c8b | 5424 284c 
  0x0000021934e5d780: 8b4c 2430 | 4c8b 4424 | 3848 8b7c | 2440 488b | 7424 4848 | 8b6c 2450 | 488b 5c24 | 6048 8b54 
  0x0000021934e5d7a0: 2468 488b | 4c24 7048 | 8b44 2478 | 4881 c480 | 0000 004d | 33e4 488b | 5de8 4c8b | 6b08 4d8d 
  0x0000021934e5d7c0: 6d38 4983 | 7f08 000f | 84bb 0000 | 00e8 0500 | 0000 e996 | 0000 0048 | 8d44 2408 | 4c89 6dc0 
  0x0000021934e5d7e0: 498b cfc5 | f877 4989 | afb0 0300 | 0049 8987 | a003 0000 | 4883 ec20 | 40f6 c40f | 0f84 1900 
  0x0000021934e5d800: 0000 4883 | ec08 48b8 | c034 28e7 | fb7f 0000 | ffd0 4883 | c408 e90c | 0000 0048 | b8c0 3428 
  0x0000021934e5d820: e7fb 7f00 | 00ff d048 | 83c4 2049 | c787 a003 | 0000 0000 | 0000 49c7 | 87b0 0300 | 0000 0000 
  0x0000021934e5d840: 0049 c787 | a803 0000 | 0000 0000 | c5f8 7749 | 837f 0800 | 0f84 0500 | 0000 e961 | 36ff ff4c 
  0x0000021934e5d860: 8b6d c04c | 8b75 c84e | 8d74 f500 | c348 b940 | 1e8d e7fb | 7f00 0048 | 83e4 f048 | b8a0 134e 
  0x0000021934e5d880: e7fb 7f00 | 00ff d0f4 | 448b 5b28 | 41f6 c320 | 0f84 7901 | 0000 488d | 55a8 4c8b | 5a08 4d85 
  0x0000021934e5d8a0: db0f 85bb | 0000 00e8 | 0500 0000 | e996 0000 | 0048 8d44 | 2408 4c89 | 6dc0 498b | cfc5 f877 
  0x0000021934e5d8c0: 4989 afb0 | 0300 0049 | 8987 a003 | 0000 4883 | ec20 40f6 | c40f 0f84 | 1900 0000 | 4883 ec08 
  0x0000021934e5d8e0: 48b8 f033 | 28e7 fb7f | 0000 ffd0 | 4883 c408 | e90c 0000 | 0048 b8f0 | 3328 e7fb | 7f00 00ff 
  0x0000021934e5d900: d048 83c4 | 2049 c787 | a003 0000 | 0000 0000 | 49c7 87b0 | 0300 0000 | 0000 0049 | c787 a803 
  0x0000021934e5d920: 0000 0000 | 0000 c5f8 | 7749 837f | 0800 0f84 | 0500 0000 | e987 35ff | ff4c 8b6d | c04c 8b75 
  0x0000021934e5d940: c84e 8d74 | f500 c348 | b940 1e8d | e7fb 7f00 | 0048 83e4 | f048 b8a0 | 134e e7fb | 7f00 00ff 
  0x0000021934e5d960: d0f4 4c89 | 6dc0 4c8b | 4a08 48c7 | 4208 0000 | 0000 458b | 8718 0600 | 004f 3b4c | 07f8 0f85 
  0x0000021934e5d980: 4900 0000 | 4183 af18 | 0600 0008 | 4f3b 4c07 | f00f 842a | 0000 0049 | 8b01 a802 | 0f85 1200 
  0x0000021934e5d9a0: 0000 4c8b | c049 83c8 | 01f0 4d0f | b101 0f84 | 0d00 0000 | 4183 8718 | 0600 0008 | e90c 0000 
  0x0000021934e5d9c0: 0049 ff8f | 5005 0000 | e93e 0000 | 004c 894a | 0848 8bca | 4883 ec20 | 40f6 c40f | 0f84 1900 
  0x0000021934e5d9e0: 0000 4883 | ec08 48b8 | d006 28e7 | fb7f 0000 | ffd0 4883 | c408 e90c | 0000 0048 | b8d0 0628 
  0x0000021934e5da00: e7fb 7f00 | 00ff d048 | 83c4 204c | 8b6d c049 | ba8a c1b6 | e7fb 7f00 | 0041 803a | 000f 843e 
  0x0000021934e5da20: 0000 0048 | 8b55 e849 | 8bcf 4883 | ec20 40f6 | c40f 0f84 | 1900 0000 | 4883 ec08 | 48b8 00eb 
  0x0000021934e5da40: 5fe7 fb7f | 0000 ffd0 | 4883 c408 | e90c 0000 | 0048 b800 | eb5f e7fb | 7f00 00ff | d048 83c4 
  0x0000021934e5da60: 2048 8b04 | 2448 83c4 | 10c5 fb10 | 0424 4883 | c410 4c8b | 5d18 41ff | d34c 8b5d | f8c9 5f49 
  0x0000021934e5da80: 8be3 ffe7 | ba00 0000 | 00e8 0500 | 0000 e996 | 0000 0048 | 8d44 2408 | 4c89 6dc0 | 498b cfc5 
  0x0000021934e5daa0: f877 4989 | afb0 0300 | 0049 8987 | a003 0000 | 4883 ec20 | 40f6 c40f | 0f84 1900 | 0000 4883 
  0x0000021934e5dac0: ec08 48b8 | 90fa 27e7 | fb7f 0000 | ffd0 4883 | c408 e90c | 0000 0048 | b890 fa27 | e7fb 7f00 
  0x0000021934e5dae0: 00ff d048 | 83c4 2049 | c787 a003 | 0000 0000 | 0000 49c7 | 87b0 0300 | 0000 0000 | 0049 c787 
  0x0000021934e5db00: a803 0000 | 0000 0000 | c5f8 7749 | 837f 0800 | 0f84 0500 | 0000 e9a5 | 33ff ff4c | 8b6d c04c 
  0x0000021934e5db20: 8b75 c84e | 8d74 f500 | c348 8b5d | e8e9 26f5 | ffff 660f | 1f44 0000 
[/MachCode]

---------------  P R O C E S S  ---------------

Threads class SMR info:
_java_thread_list=0x000002198c053fc0, length=16, elements={
0x0000021922ca0720, 0x0000021944553910, 0x0000021944554630, 0x0000021944557270,
0x0000021944558060, 0x00000219445596e0, 0x000002194455b8f0, 0x0000021944562330,
0x0000021944563580, 0x00000219446306a0, 0x000002194483a370, 0x000002194491be70,
0x0000021944923b60, 0x00000219449280b0, 0x000002198b87c080, 0x000002198bf1cdb0
}

Java Threads: ( => current thread )
=>0x0000021922ca0720 JavaThread "main"                              [_thread_in_native, id=13096, stack(0x0000005660a00000,0x0000005660b00000) (1024K)]
  0x0000021944553910 JavaThread "Reference Handler"          daemon [_thread_blocked, id=9240, stack(0x0000005661200000,0x0000005661300000) (1024K)]
  0x0000021944554630 JavaThread "Finalizer"                  daemon [_thread_blocked, id=4012, stack(0x0000005661300000,0x0000005661400000) (1024K)]
  0x0000021944557270 JavaThread "Signal Dispatcher"          daemon [_thread_blocked, id=11832, stack(0x0000005661400000,0x0000005661500000) (1024K)]
  0x0000021944558060 JavaThread "Attach Listener"            daemon [_thread_blocked, id=16084, stack(0x0000005661500000,0x0000005661600000) (1024K)]
  0x00000219445596e0 JavaThread "Service Thread"             daemon [_thread_blocked, id=15564, stack(0x0000005661600000,0x0000005661700000) (1024K)]
  0x000002194455b8f0 JavaThread "Monitor Deflation Thread"   daemon [_thread_blocked, id=16248, stack(0x0000005661700000,0x0000005661800000) (1024K)]
  0x0000021944562330 JavaThread "C2 CompilerThread0"         daemon [_thread_blocked, id=2748, stack(0x0000005661800000,0x0000005661900000) (1024K)]
  0x0000021944563580 JavaThread "C1 CompilerThread0"         daemon [_thread_blocked, id=10620, stack(0x0000005661900000,0x0000005661a00000) (1024K)]
  0x00000219446306a0 JavaThread "Common-Cleaner"             daemon [_thread_blocked, id=13592, stack(0x0000005661a00000,0x0000005661b00000) (1024K)]
  0x000002194483a370 JavaThread "Notification Thread"        daemon [_thread_blocked, id=16372, stack(0x0000005661c00000,0x0000005661d00000) (1024K)]
  0x000002194491be70 JavaThread "Java2D Disposer"            daemon [_thread_blocked, id=14980, stack(0x0000005661b00000,0x0000005661c00000) (1024K)]
  0x0000021944923b60 JavaThread "AWT-Shutdown"                      [_thread_blocked, id=4140, stack(0x0000005661d00000,0x0000005661e00000) (1024K)]
  0x00000219449280b0 JavaThread "AWT-Windows"                daemon [_thread_in_native, id=15780, stack(0x0000005661e00000,0x0000005661f00000) (1024K)]
  0x000002198b87c080 JavaThread "C2 CompilerThread1"         daemon [_thread_blocked, id=10268, stack(0x0000005661f00000,0x0000005662000000) (1024K)]
  0x000002198bf1cdb0 JavaThread "AWT-EventQueue-0"                  [_thread_blocked, id=13156, stack(0x0000005662000000,0x0000005662100000) (1024K)]
Total: 16

Other Threads:
  0x0000021944536f60 VMThread "VM Thread"                           [id=3568, stack(0x0000005661100000,0x0000005661200000) (1024K)]
  0x0000021944523160 WatcherThread "VM Periodic Task Thread"        [id=13148, stack(0x0000005661000000,0x0000005661100000) (1024K)]
  0x0000021924ff3d20 WorkerThread "GC Thread#0"                     [id=16256, stack(0x0000005660b00000,0x0000005660c00000) (1024K)]
  0x0000021925008830 ConcurrentGCThread "G1 Main Marker"            [id=1340, stack(0x0000005660c00000,0x0000005660d00000) (1024K)]
  0x00000219250098f0 WorkerThread "G1 Conc#0"                       [id=14716, stack(0x0000005660d00000,0x0000005660e00000) (1024K)]
  0x000002192504e950 ConcurrentGCThread "G1 Refine#0"               [id=2648, stack(0x0000005660e00000,0x0000005660f00000) (1024K)]
  0x00000219443f69a0 ConcurrentGCThread "G1 Service"                [id=5812, stack(0x0000005660f00000,0x0000005661000000) (1024K)]
Total: 7

Threads with active compile tasks:
Total: 0

VM state: not at safepoint (normal execution)

VM Mutex/Monitor currently owned by a thread: None

Heap address: 0x0000000704000000, size: 4032 MB, Compressed Oops mode: Zero based, Oop shift amount: 3

CDS archive(s) mapped at: [0x0000021945000000-0x0000021945d70000-0x0000021945d70000), size 14090240, SharedBaseAddress: 0x0000021945000000, ArchiveRelocationMode: 1.
Compressed class space mapped at: 0x0000021946000000-0x0000021986000000, reserved size: 1073741824
Narrow klass base: 0x0000021945000000, Narrow klass shift: 0, Narrow klass range: 0x41000000

GC Precious Log:
 CardTable entry size: 512
 Card Set container configuration: InlinePtr #cards 4 size 8 Array Of Cards #cards 16 size 48 Howl #buckets 8 coarsen threshold 3686 Howl Bitmap #cards 512 size 80 coarsen threshold 460 Card regions per heap region 1 cards per card region 4096
 CPUs: 8 total, 8 available
 Memory: 16126M
 Large Page Support: Disabled
 NUMA Support: Disabled
 Compressed Oops: Enabled (Zero based)
 Heap Region Size: 2M
 Heap Min Capacity: 8M
 Heap Initial Capacity: 252M
 Heap Max Capacity: 4032M
 Pre-touch: Disabled
 Parallel Workers: 8
 Concurrent Workers: 2
 Concurrent Refinement Workers: 8
 Periodic GC: Disabled

Heap:
 garbage-first heap   total reserved 4128768K, committed 258048K, used 12288K [0x0000000704000000, 0x0000000800000000)
  region size 2048K, 7 young (14336K), 0 survivors (0K)
 Metaspace       used 11083K, committed 11328K, reserved 1114112K
  class space    used 1318K, committed 1408K, reserved 1048576K

Heap Regions: E=young(eden), S=young(survivor), O=old, HS=humongous(starts), HC=humongous(continues), CS=collection set, F=free, TAMS=top-at-mark-start, PB=parsable bottom
|   0|0x0000000704000000, 0x0000000704000000, 0x0000000704200000|  0%| F|  |TAMS 0x0000000704000000| PB 0x0000000704000000| Untracked |  0
|   1|0x0000000704200000, 0x0000000704200000, 0x0000000704400000|  0%| F|  |TAMS 0x0000000704200000| PB 0x0000000704200000| Untracked |  0
|   2|0x0000000704400000, 0x0000000704400000, 0x0000000704600000|  0%| F|  |TAMS 0x0000000704400000| PB 0x0000000704400000| Untracked |  0
|   3|0x0000000704600000, 0x0000000704600000, 0x0000000704800000|  0%| F|  |TAMS 0x0000000704600000| PB 0x0000000704600000| Untracked |  0
|   4|0x0000000704800000, 0x0000000704800000, 0x0000000704a00000|  0%| F|  |TAMS 0x0000000704800000| PB 0x0000000704800000| Untracked |  0
|   5|0x0000000704a00000, 0x0000000704a00000, 0x0000000704c00000|  0%| F|  |TAMS 0x0000000704a00000| PB 0x0000000704a00000| Untracked |  0
|   6|0x0000000704c00000, 0x0000000704c00000, 0x0000000704e00000|  0%| F|  |TAMS 0x0000000704c00000| PB 0x0000000704c00000| Untracked |  0
|   7|0x0000000704e00000, 0x0000000704e00000, 0x0000000705000000|  0%| F|  |TAMS 0x0000000704e00000| PB 0x0000000704e00000| Untracked |  0
|   8|0x0000000705000000, 0x0000000705000000, 0x0000000705200000|  0%| F|  |TAMS 0x0000000705000000| PB 0x0000000705000000| Untracked |  0
|   9|0x0000000705200000, 0x0000000705200000, 0x0000000705400000|  0%| F|  |TAMS 0x0000000705200000| PB 0x0000000705200000| Untracked |  0
|  10|0x0000000705400000, 0x0000000705400000, 0x0000000705600000|  0%| F|  |TAMS 0x0000000705400000| PB 0x0000000705400000| Untracked |  0
|  11|0x0000000705600000, 0x0000000705600000, 0x0000000705800000|  0%| F|  |TAMS 0x0000000705600000| PB 0x0000000705600000| Untracked |  0
|  12|0x0000000705800000, 0x0000000705800000, 0x0000000705a00000|  0%| F|  |TAMS 0x0000000705800000| PB 0x0000000705800000| Untracked |  0
|  13|0x0000000705a00000, 0x0000000705a00000, 0x0000000705c00000|  0%| F|  |TAMS 0x0000000705a00000| PB 0x0000000705a00000| Untracked |  0
|  14|0x0000000705c00000, 0x0000000705c00000, 0x0000000705e00000|  0%| F|  |TAMS 0x0000000705c00000| PB 0x0000000705c00000| Untracked |  0
|  15|0x0000000705e00000, 0x0000000705e00000, 0x0000000706000000|  0%| F|  |TAMS 0x0000000705e00000| PB 0x0000000705e00000| Untracked |  0
|  16|0x0000000706000000, 0x0000000706000000, 0x0000000706200000|  0%| F|  |TAMS 0x0000000706000000| PB 0x0000000706000000| Untracked |  0
|  17|0x0000000706200000, 0x0000000706200000, 0x0000000706400000|  0%| F|  |TAMS 0x0000000706200000| PB 0x0000000706200000| Untracked |  0
|  18|0x0000000706400000, 0x0000000706400000, 0x0000000706600000|  0%| F|  |TAMS 0x0000000706400000| PB 0x0000000706400000| Untracked |  0
|  19|0x0000000706600000, 0x0000000706600000, 0x0000000706800000|  0%| F|  |TAMS 0x0000000706600000| PB 0x0000000706600000| Untracked |  0
|  20|0x0000000706800000, 0x0000000706800000, 0x0000000706a00000|  0%| F|  |TAMS 0x0000000706800000| PB 0x0000000706800000| Untracked |  0
|  21|0x0000000706a00000, 0x0000000706a00000, 0x0000000706c00000|  0%| F|  |TAMS 0x0000000706a00000| PB 0x0000000706a00000| Untracked |  0
|  22|0x0000000706c00000, 0x0000000706c00000, 0x0000000706e00000|  0%| F|  |TAMS 0x0000000706c00000| PB 0x0000000706c00000| Untracked |  0
|  23|0x0000000706e00000, 0x0000000706e00000, 0x0000000707000000|  0%| F|  |TAMS 0x0000000706e00000| PB 0x0000000706e00000| Untracked |  0
|  24|0x0000000707000000, 0x0000000707000000, 0x0000000707200000|  0%| F|  |TAMS 0x0000000707000000| PB 0x0000000707000000| Untracked |  0
|  25|0x0000000707200000, 0x0000000707200000, 0x0000000707400000|  0%| F|  |TAMS 0x0000000707200000| PB 0x0000000707200000| Untracked |  0
|  26|0x0000000707400000, 0x0000000707400000, 0x0000000707600000|  0%| F|  |TAMS 0x0000000707400000| PB 0x0000000707400000| Untracked |  0
|  27|0x0000000707600000, 0x0000000707600000, 0x0000000707800000|  0%| F|  |TAMS 0x0000000707600000| PB 0x0000000707600000| Untracked |  0
|  28|0x0000000707800000, 0x0000000707800000, 0x0000000707a00000|  0%| F|  |TAMS 0x0000000707800000| PB 0x0000000707800000| Untracked |  0
|  29|0x0000000707a00000, 0x0000000707a00000, 0x0000000707c00000|  0%| F|  |TAMS 0x0000000707a00000| PB 0x0000000707a00000| Untracked |  0
|  30|0x0000000707c00000, 0x0000000707c00000, 0x0000000707e00000|  0%| F|  |TAMS 0x0000000707c00000| PB 0x0000000707c00000| Untracked |  0
|  31|0x0000000707e00000, 0x0000000707e00000, 0x0000000708000000|  0%| F|  |TAMS 0x0000000707e00000| PB 0x0000000707e00000| Untracked |  0
|  32|0x0000000708000000, 0x0000000708000000, 0x0000000708200000|  0%| F|  |TAMS 0x0000000708000000| PB 0x0000000708000000| Untracked |  0
|  33|0x0000000708200000, 0x0000000708200000, 0x0000000708400000|  0%| F|  |TAMS 0x0000000708200000| PB 0x0000000708200000| Untracked |  0
|  34|0x0000000708400000, 0x0000000708400000, 0x0000000708600000|  0%| F|  |TAMS 0x0000000708400000| PB 0x0000000708400000| Untracked |  0
|  35|0x0000000708600000, 0x0000000708600000, 0x0000000708800000|  0%| F|  |TAMS 0x0000000708600000| PB 0x0000000708600000| Untracked |  0
|  36|0x0000000708800000, 0x0000000708800000, 0x0000000708a00000|  0%| F|  |TAMS 0x0000000708800000| PB 0x0000000708800000| Untracked |  0
|  37|0x0000000708a00000, 0x0000000708a00000, 0x0000000708c00000|  0%| F|  |TAMS 0x0000000708a00000| PB 0x0000000708a00000| Untracked |  0
|  38|0x0000000708c00000, 0x0000000708c00000, 0x0000000708e00000|  0%| F|  |TAMS 0x0000000708c00000| PB 0x0000000708c00000| Untracked |  0
|  39|0x0000000708e00000, 0x0000000708e00000, 0x0000000709000000|  0%| F|  |TAMS 0x0000000708e00000| PB 0x0000000708e00000| Untracked |  0
|  40|0x0000000709000000, 0x0000000709000000, 0x0000000709200000|  0%| F|  |TAMS 0x0000000709000000| PB 0x0000000709000000| Untracked |  0
|  41|0x0000000709200000, 0x0000000709200000, 0x0000000709400000|  0%| F|  |TAMS 0x0000000709200000| PB 0x0000000709200000| Untracked |  0
|  42|0x0000000709400000, 0x0000000709400000, 0x0000000709600000|  0%| F|  |TAMS 0x0000000709400000| PB 0x0000000709400000| Untracked |  0
|  43|0x0000000709600000, 0x0000000709600000, 0x0000000709800000|  0%| F|  |TAMS 0x0000000709600000| PB 0x0000000709600000| Untracked |  0
|  44|0x0000000709800000, 0x0000000709800000, 0x0000000709a00000|  0%| F|  |TAMS 0x0000000709800000| PB 0x0000000709800000| Untracked |  0
|  45|0x0000000709a00000, 0x0000000709a00000, 0x0000000709c00000|  0%| F|  |TAMS 0x0000000709a00000| PB 0x0000000709a00000| Untracked |  0
|  46|0x0000000709c00000, 0x0000000709c00000, 0x0000000709e00000|  0%| F|  |TAMS 0x0000000709c00000| PB 0x0000000709c00000| Untracked |  0
|  47|0x0000000709e00000, 0x0000000709e00000, 0x000000070a000000|  0%| F|  |TAMS 0x0000000709e00000| PB 0x0000000709e00000| Untracked |  0
|  48|0x000000070a000000, 0x000000070a000000, 0x000000070a200000|  0%| F|  |TAMS 0x000000070a000000| PB 0x000000070a000000| Untracked |  0
|  49|0x000000070a200000, 0x000000070a200000, 0x000000070a400000|  0%| F|  |TAMS 0x000000070a200000| PB 0x000000070a200000| Untracked |  0
|  50|0x000000070a400000, 0x000000070a400000, 0x000000070a600000|  0%| F|  |TAMS 0x000000070a400000| PB 0x000000070a400000| Untracked |  0
|  51|0x000000070a600000, 0x000000070a600000, 0x000000070a800000|  0%| F|  |TAMS 0x000000070a600000| PB 0x000000070a600000| Untracked |  0
|  52|0x000000070a800000, 0x000000070a800000, 0x000000070aa00000|  0%| F|  |TAMS 0x000000070a800000| PB 0x000000070a800000| Untracked |  0
|  53|0x000000070aa00000, 0x000000070aa00000, 0x000000070ac00000|  0%| F|  |TAMS 0x000000070aa00000| PB 0x000000070aa00000| Untracked |  0
|  54|0x000000070ac00000, 0x000000070ac00000, 0x000000070ae00000|  0%| F|  |TAMS 0x000000070ac00000| PB 0x000000070ac00000| Untracked |  0
|  55|0x000000070ae00000, 0x000000070ae00000, 0x000000070b000000|  0%| F|  |TAMS 0x000000070ae00000| PB 0x000000070ae00000| Untracked |  0
|  56|0x000000070b000000, 0x000000070b000000, 0x000000070b200000|  0%| F|  |TAMS 0x000000070b000000| PB 0x000000070b000000| Untracked |  0
|  57|0x000000070b200000, 0x000000070b200000, 0x000000070b400000|  0%| F|  |TAMS 0x000000070b200000| PB 0x000000070b200000| Untracked |  0
|  58|0x000000070b400000, 0x000000070b400000, 0x000000070b600000|  0%| F|  |TAMS 0x000000070b400000| PB 0x000000070b400000| Untracked |  0
|  59|0x000000070b600000, 0x000000070b600000, 0x000000070b800000|  0%| F|  |TAMS 0x000000070b600000| PB 0x000000070b600000| Untracked |  0
|  60|0x000000070b800000, 0x000000070b800000, 0x000000070ba00000|  0%| F|  |TAMS 0x000000070b800000| PB 0x000000070b800000| Untracked |  0
|  61|0x000000070ba00000, 0x000000070ba00000, 0x000000070bc00000|  0%| F|  |TAMS 0x000000070ba00000| PB 0x000000070ba00000| Untracked |  0
|  62|0x000000070bc00000, 0x000000070bc00000, 0x000000070be00000|  0%| F|  |TAMS 0x000000070bc00000| PB 0x000000070bc00000| Untracked |  0
|  63|0x000000070be00000, 0x000000070be00000, 0x000000070c000000|  0%| F|  |TAMS 0x000000070be00000| PB 0x000000070be00000| Untracked |  0
|  64|0x000000070c000000, 0x000000070c000000, 0x000000070c200000|  0%| F|  |TAMS 0x000000070c000000| PB 0x000000070c000000| Untracked |  0
|  65|0x000000070c200000, 0x000000070c200000, 0x000000070c400000|  0%| F|  |TAMS 0x000000070c200000| PB 0x000000070c200000| Untracked |  0
|  66|0x000000070c400000, 0x000000070c400000, 0x000000070c600000|  0%| F|  |TAMS 0x000000070c400000| PB 0x000000070c400000| Untracked |  0
|  67|0x000000070c600000, 0x000000070c600000, 0x000000070c800000|  0%| F|  |TAMS 0x000000070c600000| PB 0x000000070c600000| Untracked |  0
|  68|0x000000070c800000, 0x000000070c800000, 0x000000070ca00000|  0%| F|  |TAMS 0x000000070c800000| PB 0x000000070c800000| Untracked |  0
|  69|0x000000070ca00000, 0x000000070ca00000, 0x000000070cc00000|  0%| F|  |TAMS 0x000000070ca00000| PB 0x000000070ca00000| Untracked |  0
|  70|0x000000070cc00000, 0x000000070cc00000, 0x000000070ce00000|  0%| F|  |TAMS 0x000000070cc00000| PB 0x000000070cc00000| Untracked |  0
|  71|0x000000070ce00000, 0x000000070ce00000, 0x000000070d000000|  0%| F|  |TAMS 0x000000070ce00000| PB 0x000000070ce00000| Untracked |  0
|  72|0x000000070d000000, 0x000000070d000000, 0x000000070d200000|  0%| F|  |TAMS 0x000000070d000000| PB 0x000000070d000000| Untracked |  0
|  73|0x000000070d200000, 0x000000070d200000, 0x000000070d400000|  0%| F|  |TAMS 0x000000070d200000| PB 0x000000070d200000| Untracked |  0
|  74|0x000000070d400000, 0x000000070d400000, 0x000000070d600000|  0%| F|  |TAMS 0x000000070d400000| PB 0x000000070d400000| Untracked |  0
|  75|0x000000070d600000, 0x000000070d600000, 0x000000070d800000|  0%| F|  |TAMS 0x000000070d600000| PB 0x000000070d600000| Untracked |  0
|  76|0x000000070d800000, 0x000000070d800000, 0x000000070da00000|  0%| F|  |TAMS 0x000000070d800000| PB 0x000000070d800000| Untracked |  0
|  77|0x000000070da00000, 0x000000070da00000, 0x000000070dc00000|  0%| F|  |TAMS 0x000000070da00000| PB 0x000000070da00000| Untracked |  0
|  78|0x000000070dc00000, 0x000000070dc00000, 0x000000070de00000|  0%| F|  |TAMS 0x000000070dc00000| PB 0x000000070dc00000| Untracked |  0
|  79|0x000000070de00000, 0x000000070de00000, 0x000000070e000000|  0%| F|  |TAMS 0x000000070de00000| PB 0x000000070de00000| Untracked |  0
|  80|0x000000070e000000, 0x000000070e000000, 0x000000070e200000|  0%| F|  |TAMS 0x000000070e000000| PB 0x000000070e000000| Untracked |  0
|  81|0x000000070e200000, 0x000000070e200000, 0x000000070e400000|  0%| F|  |TAMS 0x000000070e200000| PB 0x000000070e200000| Untracked |  0
|  82|0x000000070e400000, 0x000000070e400000, 0x000000070e600000|  0%| F|  |TAMS 0x000000070e400000| PB 0x000000070e400000| Untracked |  0
|  83|0x000000070e600000, 0x000000070e600000, 0x000000070e800000|  0%| F|  |TAMS 0x000000070e600000| PB 0x000000070e600000| Untracked |  0
|  84|0x000000070e800000, 0x000000070e800000, 0x000000070ea00000|  0%| F|  |TAMS 0x000000070e800000| PB 0x000000070e800000| Untracked |  0
|  85|0x000000070ea00000, 0x000000070ea00000, 0x000000070ec00000|  0%| F|  |TAMS 0x000000070ea00000| PB 0x000000070ea00000| Untracked |  0
|  86|0x000000070ec00000, 0x000000070ec00000, 0x000000070ee00000|  0%| F|  |TAMS 0x000000070ec00000| PB 0x000000070ec00000| Untracked |  0
|  87|0x000000070ee00000, 0x000000070ee00000, 0x000000070f000000|  0%| F|  |TAMS 0x000000070ee00000| PB 0x000000070ee00000| Untracked |  0
|  88|0x000000070f000000, 0x000000070f000000, 0x000000070f200000|  0%| F|  |TAMS 0x000000070f000000| PB 0x000000070f000000| Untracked |  0
|  89|0x000000070f200000, 0x000000070f200000, 0x000000070f400000|  0%| F|  |TAMS 0x000000070f200000| PB 0x000000070f200000| Untracked |  0
|  90|0x000000070f400000, 0x000000070f400000, 0x000000070f600000|  0%| F|  |TAMS 0x000000070f400000| PB 0x000000070f400000| Untracked |  0
|  91|0x000000070f600000, 0x000000070f600000, 0x000000070f800000|  0%| F|  |TAMS 0x000000070f600000| PB 0x000000070f600000| Untracked |  0
|  92|0x000000070f800000, 0x000000070f800000, 0x000000070fa00000|  0%| F|  |TAMS 0x000000070f800000| PB 0x000000070f800000| Untracked |  0
|  93|0x000000070fa00000, 0x000000070fa00000, 0x000000070fc00000|  0%| F|  |TAMS 0x000000070fa00000| PB 0x000000070fa00000| Untracked |  0
|  94|0x000000070fc00000, 0x000000070fc00000, 0x000000070fe00000|  0%| F|  |TAMS 0x000000070fc00000| PB 0x000000070fc00000| Untracked |  0
|  95|0x000000070fe00000, 0x000000070fe00000, 0x0000000710000000|  0%| F|  |TAMS 0x000000070fe00000| PB 0x000000070fe00000| Untracked |  0
|  96|0x0000000710000000, 0x0000000710000000, 0x0000000710200000|  0%| F|  |TAMS 0x0000000710000000| PB 0x0000000710000000| Untracked |  0
|  97|0x0000000710200000, 0x0000000710200000, 0x0000000710400000|  0%| F|  |TAMS 0x0000000710200000| PB 0x0000000710200000| Untracked |  0
|  98|0x0000000710400000, 0x0000000710400000, 0x0000000710600000|  0%| F|  |TAMS 0x0000000710400000| PB 0x0000000710400000| Untracked |  0
|  99|0x0000000710600000, 0x0000000710600000, 0x0000000710800000|  0%| F|  |TAMS 0x0000000710600000| PB 0x0000000710600000| Untracked |  0
| 100|0x0000000710800000, 0x0000000710800000, 0x0000000710a00000|  0%| F|  |TAMS 0x0000000710800000| PB 0x0000000710800000| Untracked |  0
| 101|0x0000000710a00000, 0x0000000710a00000, 0x0000000710c00000|  0%| F|  |TAMS 0x0000000710a00000| PB 0x0000000710a00000| Untracked |  0
| 102|0x0000000710c00000, 0x0000000710c00000, 0x0000000710e00000|  0%| F|  |TAMS 0x0000000710c00000| PB 0x0000000710c00000| Untracked |  0
| 103|0x0000000710e00000, 0x0000000710e00000, 0x0000000711000000|  0%| F|  |TAMS 0x0000000710e00000| PB 0x0000000710e00000| Untracked |  0
| 104|0x0000000711000000, 0x0000000711000000, 0x0000000711200000|  0%| F|  |TAMS 0x0000000711000000| PB 0x0000000711000000| Untracked |  0
| 105|0x0000000711200000, 0x0000000711200000, 0x0000000711400000|  0%| F|  |TAMS 0x0000000711200000| PB 0x0000000711200000| Untracked |  0
| 106|0x0000000711400000, 0x0000000711400000, 0x0000000711600000|  0%| F|  |TAMS 0x0000000711400000| PB 0x0000000711400000| Untracked |  0
| 107|0x0000000711600000, 0x0000000711600000, 0x0000000711800000|  0%| F|  |TAMS 0x0000000711600000| PB 0x0000000711600000| Untracked |  0
| 108|0x0000000711800000, 0x0000000711800000, 0x0000000711a00000|  0%| F|  |TAMS 0x0000000711800000| PB 0x0000000711800000| Untracked |  0
| 109|0x0000000711a00000, 0x0000000711a00000, 0x0000000711c00000|  0%| F|  |TAMS 0x0000000711a00000| PB 0x0000000711a00000| Untracked |  0
| 110|0x0000000711c00000, 0x0000000711c00000, 0x0000000711e00000|  0%| F|  |TAMS 0x0000000711c00000| PB 0x0000000711c00000| Untracked |  0
| 111|0x0000000711e00000, 0x0000000711e00000, 0x0000000712000000|  0%| F|  |TAMS 0x0000000711e00000| PB 0x0000000711e00000| Untracked |  0
| 112|0x0000000712000000, 0x0000000712000000, 0x0000000712200000|  0%| F|  |TAMS 0x0000000712000000| PB 0x0000000712000000| Untracked |  0
| 113|0x0000000712200000, 0x0000000712200000, 0x0000000712400000|  0%| F|  |TAMS 0x0000000712200000| PB 0x0000000712200000| Untracked |  0
| 114|0x0000000712400000, 0x0000000712400000, 0x0000000712600000|  0%| F|  |TAMS 0x0000000712400000| PB 0x0000000712400000| Untracked |  0
| 115|0x0000000712600000, 0x0000000712600000, 0x0000000712800000|  0%| F|  |TAMS 0x0000000712600000| PB 0x0000000712600000| Untracked |  0
| 116|0x0000000712800000, 0x0000000712800000, 0x0000000712a00000|  0%| F|  |TAMS 0x0000000712800000| PB 0x0000000712800000| Untracked |  0
| 117|0x0000000712a00000, 0x0000000712a00000, 0x0000000712c00000|  0%| F|  |TAMS 0x0000000712a00000| PB 0x0000000712a00000| Untracked |  0
| 118|0x0000000712c00000, 0x0000000712c00000, 0x0000000712e00000|  0%| F|  |TAMS 0x0000000712c00000| PB 0x0000000712c00000| Untracked |  0
| 119|0x0000000712e00000, 0x0000000712ef5c80, 0x0000000713000000| 48%| E|  |TAMS 0x0000000712e00000| PB 0x0000000712e00000| Complete |  0
| 120|0x0000000713000000, 0x0000000713200000, 0x0000000713200000|100%| E|CS|TAMS 0x0000000713000000| PB 0x0000000713000000| Complete |  0
| 121|0x0000000713200000, 0x0000000713400000, 0x0000000713400000|100%| E|CS|TAMS 0x0000000713200000| PB 0x0000000713200000| Complete |  0
| 122|0x0000000713400000, 0x0000000713600000, 0x0000000713600000|100%| E|CS|TAMS 0x0000000713400000| PB 0x0000000713400000| Complete |  0
| 123|0x0000000713600000, 0x0000000713800000, 0x0000000713800000|100%| E|CS|TAMS 0x0000000713600000| PB 0x0000000713600000| Complete |  0
| 124|0x0000000713800000, 0x0000000713a00000, 0x0000000713a00000|100%| E|CS|TAMS 0x0000000713800000| PB 0x0000000713800000| Complete |  0
| 125|0x0000000713a00000, 0x0000000713c00000, 0x0000000713c00000|100%| E|CS|TAMS 0x0000000713a00000| PB 0x0000000713a00000| Complete |  0

Card table byte_map: [0x000002193d430000,0x000002193dc10000] _byte_map_base: 0x0000021939c10000

Marking Bits: (CMBitMap*) 0x0000021924ff4240
 Bits: [0x000002193dc10000, 0x0000021941b10000)

Polling page: 0x0000021922e10000

Metaspace:

Usage:
  Non-class:      9.54 MB used.
      Class:      1.29 MB used.
       Both:     10.82 MB used.

Virtual space:
  Non-class space:       64.00 MB reserved,       9.69 MB ( 15%) committed,  1 nodes.
      Class space:        1.00 GB reserved,       1.38 MB ( <1%) committed,  1 nodes.
             Both:        1.06 GB reserved,      11.06 MB (  1%) committed. 

Chunk freelists:
   Non-Class:  6.11 MB
       Class:  14.66 MB
        Both:  20.77 MB

MaxMetaspaceSize: unlimited
CompressedClassSpaceSize: 1.00 GB
Initial GC threshold: 21.00 MB
Current GC threshold: 21.00 MB
CDS: on
 - commit_granule_bytes: 65536.
 - commit_granule_words: 8192.
 - virtual_space_node_default_size: 8388608.
 - enlarge_chunks_in_place: 1.
 - use_allocation_guard: 0.


Internal statistics:

num_allocs_failed_limit: 0.
num_arena_births: 180.
num_arena_deaths: 0.
num_vsnodes_births: 2.
num_vsnodes_deaths: 0.
num_space_committed: 177.
num_space_uncommitted: 0.
num_chunks_returned_to_freelist: 0.
num_chunks_taken_from_freelist: 305.
num_chunk_merges: 0.
num_chunk_splits: 178.
num_chunks_enlarged: 88.
num_inconsistent_stats: 0.

CodeHeap 'non-profiled nmethods': size=120064Kb used=390Kb max_used=390Kb free=119674Kb
 bounds [0x00000219353e0000, 0x0000021935650000, 0x000002193c920000]
CodeHeap 'profiled nmethods': size=120000Kb used=1675Kb max_used=1675Kb free=118324Kb
 bounds [0x000002192d920000, 0x000002192db90000, 0x0000021934e50000]
CodeHeap 'non-nmethods': size=5696Kb used=1731Kb max_used=1746Kb free=3964Kb
 bounds [0x0000021934e50000, 0x00000219350c0000, 0x00000219353e0000]
CodeCache: size=245760Kb, used=3796Kb, max_used=3811Kb, free=241962Kb
 total_blobs=1977, nmethods=1320, adapters=563, full_count=0
Compilation: enabled, stopped_count=0, restarted_count=0

Compilation events (20 events):
Event: 0.896 Thread 0x0000021944563580 1311       3       java.awt.KeyboardFocusManager::getCurrentKeyboardFocusManager (7 bytes)
Event: 0.896 Thread 0x0000021944563580 nmethod 1311 0x000002192dac0b88 code [0x000002192dac0d00, 0x000002192dac1250]
Event: 0.896 Thread 0x0000021944563580 1312  s    3       java.awt.KeyboardFocusManager::getCurrentKeyboardFocusManager (32 bytes)
Event: 0.896 Thread 0x0000021944563580 nmethod 1312 0x000002192dac1288 code [0x000002192dac13e0, 0x000002192dac1870]
Event: 0.896 Thread 0x0000021944563580 1313       1       java.security.AccessControlContext::getCombiner (5 bytes)
Event: 0.896 Thread 0x0000021944563580 nmethod 1313 0x0000021935440f08 code [0x0000021935441020, 0x00000219354410f0]
Event: 0.896 Thread 0x0000021944563580 1314       1       java.security.AccessControlContext::getContext (5 bytes)
Event: 0.896 Thread 0x0000021944563580 nmethod 1314 0x0000021935441208 code [0x0000021935441320, 0x00000219354413f0]
Event: 0.936 Thread 0x0000021944563580 1315       1       javax.swing.JComponent::getBorder (5 bytes)
Event: 0.936 Thread 0x0000021944563580 nmethod 1315 0x0000021935441508 code [0x0000021935441620, 0x00000219354416f0]
Event: 0.937 Thread 0x0000021944563580 1316       3       sun.nio.ch.FileChannelImpl::ensureOpen (16 bytes)
Event: 0.937 Thread 0x0000021944563580 nmethod 1316 0x000002192dac1888 code [0x000002192dac19c0, 0x000002192dac1c28]
Event: 0.937 Thread 0x0000021944563580 1317       3       sun.nio.ch.FileChannelImpl::beginBlocking (12 bytes)
Event: 0.937 Thread 0x0000021944563580 nmethod 1317 0x000002192dac1c88 code [0x000002192dac1da0, 0x000002192dac1f08]
Event: 0.945 Thread 0x0000021944563580 1318       3       java.util.ArrayDeque::elementAt (4 bytes)
Event: 0.945 Thread 0x0000021944563580 nmethod 1318 0x000002192dac1f88 code [0x000002192dac20a0, 0x000002192dac21b8]
Event: 0.945 Thread 0x0000021944563580 1319   !   3       jdk.internal.loader.URLClassPath$JarLoader::ensureOpen (36 bytes)
Event: 0.945 Thread 0x0000021944563580 nmethod 1319 0x000002192dac2288 code [0x000002192dac23e0, 0x000002192dac2808]
Event: 0.945 Thread 0x0000021944563580 1320       3       java.util.jar.JarFile::getEntry (35 bytes)
Event: 0.945 Thread 0x0000021944563580 nmethod 1320 0x000002192dac2888 code [0x000002192dac2a00, 0x000002192dac2e68]

GC Heap History (0 events):
No events

Dll operation events (12 events):
Event: 0.069 Loaded shared library C:\Users\Ivan\Documents\NetBeansJDKs\zulu23.30.13-ca-jdk23.0.1-win_x64\zulu23.30.13-ca-jdk23.0.1-win_x64\bin\java.dll
Event: 0.122 Loaded shared library C:\Users\Ivan\Documents\NetBeansJDKs\zulu23.30.13-ca-jdk23.0.1-win_x64\zulu23.30.13-ca-jdk23.0.1-win_x64\bin\jsvml.dll
Event: 0.146 Loaded shared library C:\Users\Ivan\Documents\NetBeansJDKs\zulu23.30.13-ca-jdk23.0.1-win_x64\zulu23.30.13-ca-jdk23.0.1-win_x64\bin\net.dll
Event: 0.174 Loaded shared library C:\Users\Ivan\Documents\NetBeansJDKs\zulu23.30.13-ca-jdk23.0.1-win_x64\zulu23.30.13-ca-jdk23.0.1-win_x64\bin\nio.dll
Event: 0.230 Loaded shared library C:\Users\Ivan\Documents\NetBeansJDKs\zulu23.30.13-ca-jdk23.0.1-win_x64\zulu23.30.13-ca-jdk23.0.1-win_x64\bin\zip.dll
Event: 0.291 Loaded shared library C:\Users\Ivan\Documents\NetBeansJDKs\zulu23.30.13-ca-jdk23.0.1-win_x64\zulu23.30.13-ca-jdk23.0.1-win_x64\bin\jimage.dll
Event: 0.331 Loaded shared library C:\Users\Ivan\Documents\NetBeansJDKs\zulu23.30.13-ca-jdk23.0.1-win_x64\zulu23.30.13-ca-jdk23.0.1-win_x64\bin\awt.dll
Event: 0.534 Loaded shared library C:\Users\Ivan\Documents\NetBeansJDKs\zulu23.30.13-ca-jdk23.0.1-win_x64\zulu23.30.13-ca-jdk23.0.1-win_x64\bin\freetype.dll
Event: 0.554 Loaded shared library C:\Users\Ivan\Documents\NetBeansJDKs\zulu23.30.13-ca-jdk23.0.1-win_x64\zulu23.30.13-ca-jdk23.0.1-win_x64\bin\fontmanager.dll
Event: 0.796 Loaded shared library C:\Users\Ivan\AppData\Local\Temp\flatlaf.temp\flatlaf-windows-x86_64-85275279600000.dll
Event: 0.913 Loaded shared library C:\Users\Ivan\Documents\NetBeansJDKs\zulu23.30.13-ca-jdk23.0.1-win_x64\zulu23.30.13-ca-jdk23.0.1-win_x64\bin\verify.dll
Event: 0.935 Loaded shared library C:\Users\Ivan\.jssc\windows\jSSC-2.8_x86_64.dll

Deoptimization events (20 events):
Event: 0.607 Thread 0x0000021922ca0720 Uncommon trap: trap_request=0xffffffde fr.pc=0x000002193541bcc0 relative=0x0000000000000aa0
Event: 0.607 Thread 0x0000021922ca0720 Uncommon trap: reason=class_check action=maybe_recompile pc=0x000002193541bcc0 method=java.util.HashMap.putVal(ILjava/lang/Object;Ljava/lang/Object;ZZ)Ljava/lang/Object; @ 253 c2
Event: 0.607 Thread 0x0000021922ca0720 DEOPT PACKING pc=0x000002193541bcc0 sp=0x0000005660afef50
Event: 0.607 Thread 0x0000021922ca0720 DEOPT UNPACKING pc=0x0000021934ea7982 sp=0x0000005660afee70 mode 2
Event: 0.634 Thread 0x0000021922ca0720 Uncommon trap: trap_request=0xffffffde fr.pc=0x000002193541f168 relative=0x0000000000000308
Event: 0.634 Thread 0x0000021922ca0720 Uncommon trap: reason=class_check action=maybe_recompile pc=0x000002193541f168 method=java.util.HashMap.getNode(Ljava/lang/Object;)Ljava/util/HashMap$Node; @ 128 c2
Event: 0.634 Thread 0x0000021922ca0720 DEOPT PACKING pc=0x000002193541f168 sp=0x0000005660afed10
Event: 0.634 Thread 0x0000021922ca0720 DEOPT UNPACKING pc=0x0000021934ea7982 sp=0x0000005660afec78 mode 2
Event: 0.634 Thread 0x0000021922ca0720 Uncommon trap: trap_request=0xffffffde fr.pc=0x000002193541f168 relative=0x0000000000000308
Event: 0.634 Thread 0x0000021922ca0720 Uncommon trap: reason=class_check action=maybe_recompile pc=0x000002193541f168 method=java.util.HashMap.getNode(Ljava/lang/Object;)Ljava/util/HashMap$Node; @ 128 c2
Event: 0.634 Thread 0x0000021922ca0720 DEOPT PACKING pc=0x000002193541f168 sp=0x0000005660afed10
Event: 0.634 Thread 0x0000021922ca0720 DEOPT UNPACKING pc=0x0000021934ea7982 sp=0x0000005660afec78 mode 2
Event: 0.634 Thread 0x0000021922ca0720 Uncommon trap: trap_request=0xffffffde fr.pc=0x000002193541f168 relative=0x0000000000000308
Event: 0.634 Thread 0x0000021922ca0720 Uncommon trap: reason=class_check action=maybe_recompile pc=0x000002193541f168 method=java.util.HashMap.getNode(Ljava/lang/Object;)Ljava/util/HashMap$Node; @ 128 c2
Event: 0.634 Thread 0x0000021922ca0720 DEOPT PACKING pc=0x000002193541f168 sp=0x0000005660afed10
Event: 0.634 Thread 0x0000021922ca0720 DEOPT UNPACKING pc=0x0000021934ea7982 sp=0x0000005660afec78 mode 2
Event: 0.634 Thread 0x0000021922ca0720 Uncommon trap: trap_request=0xffffffde fr.pc=0x000002193541f168 relative=0x0000000000000308
Event: 0.634 Thread 0x0000021922ca0720 Uncommon trap: reason=class_check action=maybe_recompile pc=0x000002193541f168 method=java.util.HashMap.getNode(Ljava/lang/Object;)Ljava/util/HashMap$Node; @ 128 c2
Event: 0.634 Thread 0x0000021922ca0720 DEOPT PACKING pc=0x000002193541f168 sp=0x0000005660afed10
Event: 0.634 Thread 0x0000021922ca0720 DEOPT UNPACKING pc=0x0000021934ea7982 sp=0x0000005660afec78 mode 2

Classes loaded (20 events):
Event: 0.829 Loading class javax/swing/BorderFactory
Event: 0.829 Loading class javax/swing/BorderFactory done
Event: 0.829 Loading class javax/swing/border/BevelBorder
Event: 0.829 Loading class javax/swing/border/BevelBorder done
Event: 0.829 Loading class javax/swing/border/EtchedBorder
Event: 0.829 Loading class javax/swing/border/EtchedBorder done
Event: 0.829 Loading class javax/swing/border/TitledBorder
Event: 0.829 Loading class javax/swing/border/TitledBorder done
Event: 0.836 Loading class javax/swing/GroupLayout$GapSpring
Event: 0.836 Loading class javax/swing/GroupLayout$GapSpring done
Event: 0.895 Loading class javax/swing/event/AncestorEvent
Event: 0.895 Loading class javax/swing/event/AncestorEvent done
Event: 0.935 Loading class javax/swing/event/ListDataEvent
Event: 0.936 Loading class javax/swing/event/ListDataEvent done
Event: 0.936 Loading class java/awt/event/ItemEvent
Event: 0.936 Loading class java/awt/event/ItemEvent done
Event: 0.945 Loading class java/lang/InterruptedException
Event: 0.945 Loading class java/lang/InterruptedException done
Event: 0.945 Loading class java/lang/SecurityException
Event: 0.945 Loading class java/lang/SecurityException done

Classes unloaded (0 events):
No events

Classes redefined (0 events):
No events

Internal exceptions (20 events):
Event: 0.175 Thread 0x0000021922ca0720 Exception <a 'sun/nio/fs/WindowsException'{0x0000000713bbd3b8}> (0x0000000713bbd3b8) 
thrown [s\src\hotspot\share\prims\jni.cpp, line 520]
Event: 0.176 Thread 0x0000021922ca0720 Exception <a 'sun/nio/fs/WindowsException'{0x0000000713bbf890}> (0x0000000713bbf890) 
thrown [s\src\hotspot\share\prims\jni.cpp, line 520]
Event: 0.176 Thread 0x0000021922ca0720 Exception <a 'sun/nio/fs/WindowsException'{0x0000000713bc0338}> (0x0000000713bc0338) 
thrown [s\src\hotspot\share\prims\jni.cpp, line 520]
Event: 0.177 Thread 0x0000021922ca0720 Exception <a 'sun/nio/fs/WindowsException'{0x0000000713bc0da8}> (0x0000000713bc0da8) 
thrown [s\src\hotspot\share\prims\jni.cpp, line 520]
Event: 0.296 Thread 0x0000021922ca0720 Exception <a 'java/lang/ClassNotFoundException'{0x00000007138aad58}: sun/awt/resources/spi/awtProvider> (0x00000007138aad58) 
thrown [s\src\hotspot\share\classfile\systemDictionary.cpp, line 313]
Event: 0.340 Thread 0x0000021922ca0720 Exception <a 'java/io/FileNotFoundException'{0x00000007138fed88}> (0x00000007138fed88) 
thrown [s\src\hotspot\share\prims\jni.cpp, line 520]
Event: 0.344 Thread 0x0000021922ca0720 Exception <a 'java/io/FileNotFoundException'{0x000000071392d3d8}> (0x000000071392d3d8) 
thrown [s\src\hotspot\share\prims\jni.cpp, line 520]
Event: 0.410 Thread 0x0000021922ca0720 Exception <a 'java/lang/NoSuchMethodError'{0x00000007139cb008}: 'void java.lang.invoke.DirectMethodHandle$Holder.invokeSpecial(java.lang.Object, java.lang.Object, java.lang.Object)'> (0x00000007139cb008) 
thrown [s\src\hotspot\share\interpreter\linkResolver.cpp, line 796]
Event: 0.419 Thread 0x0000021922ca0720 Exception <a 'java/lang/NoSuchMethodError'{0x00000007136a0a18}: 'java.lang.Object java.lang.invoke.DirectMethodHandle$Holder.invokeStatic(java.lang.Object, int, java.lang.Object)'> (0x00000007136a0a18) 
thrown [s\src\hotspot\share\interpreter\linkResolver.cpp, line 796]
Event: 0.435 Thread 0x0000021922ca0720 Exception <a 'java/lang/ClassNotFoundException'{0x0000000713747708}: com/sun/swing/internal/plaf/metal/resources/spi/metalProvider> (0x0000000713747708) 
thrown [s\src\hotspot\share\classfile\systemDictionary.cpp, line 313]
Event: 0.436 Thread 0x0000021922ca0720 Exception <a 'java/lang/ClassNotFoundException'{0x000000071374c400}: com/sun/swing/internal/plaf/basic/resources/spi/basicProvider> (0x000000071374c400) 
thrown [s\src\hotspot\share\classfile\systemDictionary.cpp, line 313]
Event: 0.443 Thread 0x0000021922ca0720 Exception <a 'java/lang/NoSuchMethodError'{0x000000071376ebe8}: 'int java.lang.invoke.Invokers$Holder.invokeExact_MT(java.lang.Object, java.lang.Object)'> (0x000000071376ebe8) 
thrown [s\src\hotspot\share\interpreter\linkResolver.cpp, line 796]
Event: 0.464 Thread 0x0000021922ca0720 Exception <a 'java/lang/NoSuchMethodError'{0x0000000713416158}: 'void java.lang.invoke.DirectMethodHandle$Holder.invokeStatic(java.lang.Object, java.lang.Object)'> (0x0000000713416158) 
thrown [s\src\hotspot\share\interpreter\linkResolver.cpp, line 796]
Event: 0.474 Thread 0x0000021922ca0720 Exception <a 'java/lang/NoSuchMethodError'{0x0000000713455e60}: 'int java.lang.invoke.DirectMethodHandle$Holder.invokeStatic(java.lang.Object)'> (0x0000000713455e60) 
thrown [s\src\hotspot\share\interpreter\linkResolver.cpp, line 796]
Event: 0.492 Thread 0x0000021922ca0720 Exception <a 'java/lang/NoSuchMethodError'{0x000000071352a948}: 'java.lang.Object java.lang.invoke.DirectMethodHandle$Holder.newInvokeSpecial(java.lang.Object, java.lang.Object, int, java.lang.Object, float)'> (0x000000071352a948) 
thrown [s\src\hotspot\share\interpreter\linkResolver.cpp, line 796]
Event: 0.631 Thread 0x0000021922ca0720 Exception <a 'java/lang/NoSuchMethodError'{0x0000000713339320}: 'java.lang.Object java.lang.invoke.DirectMethodHandle$Holder.invokeVirtual(java.lang.Object, java.lang.Object, java.lang.Object, java.lang.Object)'> (0x0000000713339320) 
thrown [s\src\hotspot\share\interpreter\linkResolver.cpp, line 796]
Event: 0.644 Thread 0x0000021922ca0720 Exception <a 'java/lang/NoSuchMethodError'{0x00000007133804f0}: 'void java.lang.invoke.DirectMethodHandle$Holder.invokeVirtual(java.lang.Object, java.lang.Object)'> (0x00000007133804f0) 
thrown [s\src\hotspot\share\interpreter\linkResolver.cpp, line 796]
Event: 0.646 Thread 0x0000021922ca0720 Exception <a 'java/lang/NoSuchMethodError'{0x00000007133906b8}: 'int java.lang.invoke.DirectMethodHandle$Holder.invokeSpecial(java.lang.Object, java.lang.Object, java.lang.Object)'> (0x00000007133906b8) 
thrown [s\src\hotspot\share\interpreter\linkResolver.cpp, line 796]
Event: 0.715 Thread 0x0000021922ca0720 Exception <a 'java/lang/NoSuchMethodError'{0x00000007131075e0}: 'void java.lang.invoke.DirectMethodHandle$Holder.invokeStaticInit(java.lang.Object)'> (0x00000007131075e0) 
thrown [s\src\hotspot\share\interpreter\linkResolver.cpp, line 796]
Event: 0.774 Thread 0x0000021922ca0720 Exception <a 'sun/nio/fs/WindowsException'{0x00000007131a0938}> (0x00000007131a0938) 
thrown [s\src\hotspot\share\prims\jni.cpp, line 520]

VM Operations (8 events):
Event: 0.177 Executing VM operation: HandshakeAllThreads (Deoptimize)
Event: 0.177 Executing VM operation: HandshakeAllThreads (Deoptimize) done
Event: 0.351 Executing VM operation: HandshakeAllThreads (Deoptimize)
Event: 0.351 Executing VM operation: HandshakeAllThreads (Deoptimize) done
Event: 0.576 Executing VM operation: HandshakeAllThreads (Deoptimize)
Event: 0.576 Executing VM operation: HandshakeAllThreads (Deoptimize) done
Event: 0.608 Executing VM operation: HandshakeAllThreads (Deoptimize)
Event: 0.608 Executing VM operation: HandshakeAllThreads (Deoptimize) done

Memory protections (0 events):
No events

Nmethod flushes (0 events):
No events

Events (18 events):
Event: 0.087 Thread 0x0000021922ca0720 Thread added: 0x0000021922ca0720
Event: 0.096 Thread 0x0000021922ca0720 Thread added: 0x0000021944553910
Event: 0.096 Thread 0x0000021922ca0720 Thread added: 0x0000021944554630
Event: 0.097 Thread 0x0000021922ca0720 Thread added: 0x0000021944557270
Event: 0.097 Thread 0x0000021922ca0720 Thread added: 0x0000021944558060
Event: 0.097 Thread 0x0000021922ca0720 Thread added: 0x00000219445596e0
Event: 0.097 Thread 0x0000021922ca0720 Thread added: 0x000002194455b8f0
Event: 0.097 Thread 0x0000021922ca0720 Thread added: 0x0000021944562330
Event: 0.097 Thread 0x0000021922ca0720 Thread added: 0x0000021944563580
Event: 0.118 Thread 0x0000021922ca0720 Thread added: 0x00000219446306a0
Event: 0.183 Thread 0x0000021944563580 Thread added: 0x000002194470bbc0
Event: 0.186 Thread 0x0000021922ca0720 Thread added: 0x000002194483a370
Event: 0.305 Thread 0x000002194470bbc0 Thread exited: 0x000002194470bbc0
Event: 0.384 Thread 0x0000021922ca0720 Thread added: 0x000002194491be70
Event: 0.386 Thread 0x0000021922ca0720 Thread added: 0x0000021944923b60
Event: 0.387 Thread 0x0000021922ca0720 Thread added: 0x00000219449280b0
Event: 0.481 Thread 0x0000021944563580 Thread added: 0x000002198b87c080
Event: 0.672 Thread 0x0000021922ca0720 Thread added: 0x000002198bf1cdb0


Dynamic libraries:
0x00007ff7b2040000 - 0x00007ff7b204e000 	C:\Users\Ivan\Documents\NetBeansJDKs\zulu23.30.13-ca-jdk23.0.1-win_x64\zulu23.30.13-ca-jdk23.0.1-win_x64\bin\java.exe
0x00007ffc57d90000 - 0x00007ffc57fa7000 	C:\Windows\SYSTEM32\ntdll.dll
0x00007ffc56ec0000 - 0x00007ffc56f84000 	C:\Windows\System32\KERNEL32.DLL
0x00007ffc55670000 - 0x00007ffc55a1d000 	C:\Windows\System32\KERNELBASE.dll
0x00007ffc55210000 - 0x00007ffc55321000 	C:\Windows\System32\ucrtbase.dll
0x00007ffc375f0000 - 0x00007ffc3760b000 	C:\Users\Ivan\Documents\NetBeansJDKs\zulu23.30.13-ca-jdk23.0.1-win_x64\zulu23.30.13-ca-jdk23.0.1-win_x64\bin\VCRUNTIME140.dll
0x00007ffc35ad0000 - 0x00007ffc35ae7000 	C:\Users\Ivan\Documents\NetBeansJDKs\zulu23.30.13-ca-jdk23.0.1-win_x64\zulu23.30.13-ca-jdk23.0.1-win_x64\bin\jli.dll
0x00007ffc57ba0000 - 0x00007ffc57d4e000 	C:\Windows\System32\USER32.dll
0x00007ffc55640000 - 0x00007ffc55666000 	C:\Windows\System32\win32u.dll
0x00007ffc33360000 - 0x00007ffc335f3000 	C:\Windows\WinSxS\amd64_microsoft.windows.common-controls_6595b64144ccf1df_6.0.22621.3672_none_2713b9d173822955\COMCTL32.dll
0x00007ffc56320000 - 0x00007ffc563c7000 	C:\Windows\System32\msvcrt.dll
0x00007ffc57100000 - 0x00007ffc57129000 	C:\Windows\System32\GDI32.dll
0x00007ffc55330000 - 0x00007ffc55449000 	C:\Windows\System32\gdi32full.dll
0x00007ffc55a20000 - 0x00007ffc55aba000 	C:\Windows\System32\msvcp_win.dll
0x00007ffc56fe0000 - 0x00007ffc57011000 	C:\Windows\System32\IMM32.DLL
0x00007ffc4f0b0000 - 0x00007ffc4f0bc000 	C:\Users\Ivan\Documents\NetBeansJDKs\zulu23.30.13-ca-jdk23.0.1-win_x64\zulu23.30.13-ca-jdk23.0.1-win_x64\bin\vcruntime140_1.dll
0x00007ffc2f050000 - 0x00007ffc2f0de000 	C:\Users\Ivan\Documents\NetBeansJDKs\zulu23.30.13-ca-jdk23.0.1-win_x64\zulu23.30.13-ca-jdk23.0.1-win_x64\bin\msvcp140.dll
0x00007ffbe6ea0000 - 0x00007ffbe7c76000 	C:\Users\Ivan\Documents\NetBeansJDKs\zulu23.30.13-ca-jdk23.0.1-win_x64\zulu23.30.13-ca-jdk23.0.1-win_x64\bin\server\jvm.dll
0x00007ffc56e00000 - 0x00007ffc56eb2000 	C:\Windows\System32\ADVAPI32.dll
0x00007ffc56270000 - 0x00007ffc56319000 	C:\Windows\System32\sechost.dll
0x00007ffc551e0000 - 0x00007ffc55208000 	C:\Windows\System32\bcrypt.dll
0x00007ffc55ef0000 - 0x00007ffc56004000 	C:\Windows\System32\RPCRT4.dll
0x00007ffc576d0000 - 0x00007ffc57741000 	C:\Windows\System32\WS2_32.dll
0x00007ffc53f20000 - 0x00007ffc53f6d000 	C:\Windows\SYSTEM32\POWRPROF.dll
0x00007ffc52700000 - 0x00007ffc5270a000 	C:\Windows\SYSTEM32\VERSION.dll
0x00007ffc4da60000 - 0x00007ffc4da94000 	C:\Windows\SYSTEM32\WINMM.dll
0x00007ffc53f00000 - 0x00007ffc53f13000 	C:\Windows\SYSTEM32\UMPDC.dll
0x00007ffc541b0000 - 0x00007ffc541c8000 	C:\Windows\SYSTEM32\kernel.appcore.dll
0x00007ffc4a7d0000 - 0x00007ffc4a7da000 	C:\Users\Ivan\Documents\NetBeansJDKs\zulu23.30.13-ca-jdk23.0.1-win_x64\zulu23.30.13-ca-jdk23.0.1-win_x64\bin\jimage.dll
0x00007ffc52920000 - 0x00007ffc52b52000 	C:\Windows\SYSTEM32\DBGHELP.DLL
0x00007ffc55b50000 - 0x00007ffc55ede000 	C:\Windows\System32\combase.dll
0x00007ffc577b0000 - 0x00007ffc57887000 	C:\Windows\System32\OLEAUT32.dll
0x00007ffc46400000 - 0x00007ffc46432000 	C:\Windows\SYSTEM32\dbgcore.DLL
0x00007ffc555c0000 - 0x00007ffc5563b000 	C:\Windows\System32\bcryptPrimitives.dll
0x00007ffc34e70000 - 0x00007ffc34e8e000 	C:\Users\Ivan\Documents\NetBeansJDKs\zulu23.30.13-ca-jdk23.0.1-win_x64\zulu23.30.13-ca-jdk23.0.1-win_x64\bin\java.dll
0x00007ffc57950000 - 0x00007ffc57af5000 	C:\Windows\System32\ole32.dll
0x00007ffc563d0000 - 0x00007ffc56c37000 	C:\Windows\System32\SHELL32.dll
0x00007ffc52ff0000 - 0x00007ffc538ef000 	C:\Windows\SYSTEM32\windows.storage.dll
0x00007ffc52eb0000 - 0x00007ffc52fef000 	C:\Windows\SYSTEM32\wintypes.dll
0x00007ffc575d0000 - 0x00007ffc576c9000 	C:\Windows\System32\SHCORE.dll
0x00007ffc57750000 - 0x00007ffc577ae000 	C:\Windows\System32\shlwapi.dll
0x00007ffc54fe0000 - 0x00007ffc55007000 	C:\Windows\SYSTEM32\profapi.dll
0x00007ffc0dac0000 - 0x00007ffc0db97000 	C:\Users\Ivan\Documents\NetBeansJDKs\zulu23.30.13-ca-jdk23.0.1-win_x64\zulu23.30.13-ca-jdk23.0.1-win_x64\bin\jsvml.dll
0x00007ffc375e0000 - 0x00007ffc375f0000 	C:\Users\Ivan\Documents\NetBeansJDKs\zulu23.30.13-ca-jdk23.0.1-win_x64\zulu23.30.13-ca-jdk23.0.1-win_x64\bin\net.dll
0x00007ffc54610000 - 0x00007ffc54679000 	C:\Windows\system32\mswsock.dll
0x00007ffc2eeb0000 - 0x00007ffc2eec6000 	C:\Users\Ivan\Documents\NetBeansJDKs\zulu23.30.13-ca-jdk23.0.1-win_x64\zulu23.30.13-ca-jdk23.0.1-win_x64\bin\nio.dll
0x00007ffc2bdb0000 - 0x00007ffc2bdc7000 	C:\Users\Ivan\Documents\NetBeansJDKs\zulu23.30.13-ca-jdk23.0.1-win_x64\zulu23.30.13-ca-jdk23.0.1-win_x64\bin\zip.dll
0x00007ffbe9930000 - 0x00007ffbe9abd000 	C:\Users\Ivan\Documents\NetBeansJDKs\zulu23.30.13-ca-jdk23.0.1-win_x64\zulu23.30.13-ca-jdk23.0.1-win_x64\bin\awt.dll
0x00007ffc4d930000 - 0x00007ffc4d9c7000 	C:\Windows\SYSTEM32\apphelp.dll
0x00007ffc4f5b0000 - 0x00007ffc4f5db000 	C:\Windows\system32\DWMAPI.DLL
0x00007ffc4f360000 - 0x00007ffc4f411000 	C:\Windows\system32\uxtheme.dll
0x00007ffc310c0000 - 0x00007ffc311c0000 	C:\Windows\system32\opengl32.dll
0x00007ffc392d0000 - 0x00007ffc392fd000 	C:\Windows\SYSTEM32\GLU32.dll
0x00007ffc52160000 - 0x00007ffc52197000 	C:\Windows\SYSTEM32\dxcore.dll
0x00007ffc56010000 - 0x00007ffc5616e000 	C:\Windows\System32\MSCTF.dll
0x00007ffc0ad10000 - 0x00007ffc0ad97000 	C:\Users\Ivan\Documents\NetBeansJDKs\zulu23.30.13-ca-jdk23.0.1-win_x64\zulu23.30.13-ca-jdk23.0.1-win_x64\bin\freetype.dll
0x00007ffc085e0000 - 0x00007ffc086b9000 	C:\Users\Ivan\Documents\NetBeansJDKs\zulu23.30.13-ca-jdk23.0.1-win_x64\zulu23.30.13-ca-jdk23.0.1-win_x64\bin\fontmanager.dll
0x00007ffc57030000 - 0x00007ffc570e0000 	C:\Windows\System32\clbcatq.dll
0x00007ffc4f120000 - 0x00007ffc4f2d1000 	C:\Windows\SYSTEM32\WindowsCodecs.dll
0x00007ffc30060000 - 0x00007ffc300be000 	C:\Windows\system32\dataexchange.dll
0x00007ffc48e70000 - 0x00007ffc490fa000 	C:\Windows\system32\twinapi.appcore.dll
0x00007ffc35c20000 - 0x00007ffc35c26000 	C:\Users\Ivan\AppData\Local\Temp\flatlaf.temp\flatlaf-windows-x86_64-85275279600000.dll
0x00007ffc35ac0000 - 0x00007ffc35ac7000 	C:\Users\Ivan\Documents\NetBeansJDKs\zulu23.30.13-ca-jdk23.0.1-win_x64\zulu23.30.13-ca-jdk23.0.1-win_x64\bin\jawt.dll
0x00007ffc35a40000 - 0x00007ffc35a50000 	C:\Users\Ivan\Documents\NetBeansJDKs\zulu23.30.13-ca-jdk23.0.1-win_x64\zulu23.30.13-ca-jdk23.0.1-win_x64\bin\verify.dll
0x0000000071100000 - 0x0000000071125000 	C:\Users\Ivan\.jssc\windows\jSSC-2.8_x86_64.dll

dbghelp: loaded successfully - version: 4.0.5 - missing functions: none
symbol engine: initialized successfully - sym options: 0x614 - pdb path: .;C:\Users\Ivan\Documents\NetBeansJDKs\zulu23.30.13-ca-jdk23.0.1-win_x64\zulu23.30.13-ca-jdk23.0.1-win_x64\bin;C:\Windows\SYSTEM32;C:\Windows\WinSxS\amd64_microsoft.windows.common-controls_6595b64144ccf1df_6.0.22621.3672_none_2713b9d173822955;C:\Users\Ivan\Documents\NetBeansJDKs\zulu23.30.13-ca-jdk23.0.1-win_x64\zulu23.30.13-ca-jdk23.0.1-win_x64\bin\server;C:\Users\Ivan\AppData\Local\Temp\flatlaf.temp;C:\Users\Ivan\.jssc\windows

VM Arguments:
jvm_args: -Dfile.encoding=UTF-8 --module-path=C:\Users\Ivan\Documents\NetBeansProjects\SerialPort\build\classes 
java_command: serialport.SerialPort
java_class_path (initial): C:\Users\Ivan\Documents\NetBeansProjects\SerialPort\lib\flatlaf-3.5.1.jar;C:\Users\Ivan\Documents\NetBeansProjects\SerialPort\lib\jssc-2.8.0.jar;C:\Users\Ivan\Documents\NetBeansProjects\SerialPort\lib\flatlaf-intellij-themes-3.5.1.jar;C:\Users\Ivan\Documents\NetBeansProjects\SerialPort\lib\gson-2.11.0.jar;C:\Users\Ivan\Documents\NetBeansProjects\SerialPort\build\classes
Launcher Type: SUN_STANDARD

[Global flags]
     intx CICompilerCount                          = 4                                         {product} {ergonomic}
     uint ConcGCThreads                            = 2                                         {product} {ergonomic}
     uint G1ConcRefinementThreads                  = 8                                         {product} {ergonomic}
   size_t G1HeapRegionSize                         = 2097152                                   {product} {ergonomic}
   size_t InitialHeapSize                          = 264241152                                 {product} {ergonomic}
   size_t MarkStackSize                            = 4194304                                   {product} {ergonomic}
   size_t MarkStackSizeMax                         = 536870912                                 {product} {ergonomic}
   size_t MaxHeapSize                              = 4227858432                                {product} {ergonomic}
   size_t MaxNewSize                               = 2535456768                                {product} {ergonomic}
   size_t MinHeapDeltaBytes                        = 2097152                                   {product} {ergonomic}
   size_t MinHeapSize                              = 8388608                                   {product} {ergonomic}
    uintx NonNMethodCodeHeapSize                   = 5832704                                {pd product} {ergonomic}
    uintx NonProfiledCodeHeapSize                  = 122945536                              {pd product} {ergonomic}
    uintx ProfiledCodeHeapSize                     = 122880000                              {pd product} {ergonomic}
    uintx ReservedCodeCacheSize                    = 251658240                              {pd product} {ergonomic}
     bool SegmentedCodeCache                       = true                                      {product} {ergonomic}
   size_t SoftMaxHeapSize                          = 4227858432                             {manageable} {ergonomic}
     bool UseCompressedOops                        = true                           {product lp64_product} {ergonomic}
     bool UseG1GC                                  = true                                      {product} {ergonomic}
     bool UseLargePagesIndividualAllocation        = false                                  {pd product} {ergonomic}

Logging:
Log output configuration:
 #0: stdout all=warning uptime,level,tags foldmultilines=false
 #1: stderr all=off uptime,level,tags foldmultilines=false

Environment Variables:
PATH=C:\Program Files\Common Files\Oracle\Java\javapath;C:\Program Files (x86)\Common Files\Oracle\Java\javapath;C:\Windows\system32;C:\Windows;C:\Windows\System32\Wbem;C:\Windows\System32\WindowsPowerShell\v1.0\;C:\Windows\System32\OpenSSH\;C:\Program Files\dotnet\;C:\Program Files (x86)\ZeroTier\One\;C:\Program Files\nodejs\;C:\Program Files\Docker\Docker\resources\bin;C:\Program Files\Microsoft SQL Server\150\Tools\Binn\;C:\Program Files\Microsoft SQL Server\Client SDK\ODBC\170\Tools\Binn\;C:\Program Files\Git\cmd;C:\Users\Ivan\AppData\Local\Programs\Python\Python312\Scripts\;C:\Users\Ivan\AppData\Local\Programs\Python\Python312\;C:\Users\Ivan\AppData\Local\Programs\Python\Launcher\;C:\Users\Ivan\AppData\Local\Microsoft\WindowsApps;C:\Users\Ivan\AppData\Local\Programs\Microsoft VS Code\bin;C:\Program Files\Java\jdk-22\bin;C:\Users\Ivan\.dotnet\tools;C:\Users\Ivan\AppData\Roaming\npm;C:\Users\Ivan\AppData\Local\Programs\oh-my-posh\bin;C:\Users\Ivan\AppData\Local\Programs\Hyper\resources\bin;C:\Users\Ivan\.dotnet\tools
USERNAME=Ivan
OS=Windows_NT
PROCESSOR_IDENTIFIER=Intel64 Family 6 Model 140 Stepping 1, GenuineIntel
TMP=C:\Users\Ivan\AppData\Local\Temp
TEMP=C:\Users\Ivan\AppData\Local\Temp




Periodic native trim disabled

---------------  S Y S T E M  ---------------

OS:
 Windows 11 , 64 bit Build 22621 (10.0.22621.3958)
OS uptime: 0 days 2:22 hours
Hyper-V role detected

CPU: total 8 (initial active 8) (4 cores per cpu, 2 threads per core) family 6 model 140 stepping 1 microcode 0xb8, cx8, cmov, fxsr, ht, mmx, 3dnowpref, sse, sse2, sse3, ssse3, sse4.1, sse4.2, popcnt, lzcnt, tsc, tscinvbit, avx, avx2, aes, erms, clmul, bmi1, bmi2, adx, avx512f, avx512dq, avx512cd, avx512bw, avx512vl, sha, fma, vzeroupper, avx512_vpopcntdq, avx512_vpclmulqdq, avx512_vaes, avx512_vnni, clflush, clflushopt, clwb, avx512_vbmi2, avx512_vbmi, hv, rdtscp, rdpid, fsrm, gfni, avx512_bitalg, f16c, cet_ibt, cet_ss, avx512_ifma
Processor Information for processor 0
  Max Mhz: 1382, Current Mhz: 1382, Mhz Limit: 1382
Processor Information for processor 1
  Max Mhz: 1382, Current Mhz: 1382, Mhz Limit: 1382
Processor Information for processor 2
  Max Mhz: 1382, Current Mhz: 1382, Mhz Limit: 1382
Processor Information for processor 3
  Max Mhz: 1382, Current Mhz: 1382, Mhz Limit: 1382
Processor Information for processor 4
  Max Mhz: 1382, Current Mhz: 1382, Mhz Limit: 1382
Processor Information for processor 5
  Max Mhz: 1382, Current Mhz: 1382, Mhz Limit: 1382
Processor Information for processor 6
  Max Mhz: 1382, Current Mhz: 1184, Mhz Limit: 1382
Processor Information for processor 7
  Max Mhz: 1382, Current Mhz: 1184, Mhz Limit: 1382

Memory: 4k page, system-wide physical 16126M (7989M free)
TotalPageFile size 17150M (AvailPageFile size 7902M)
current process WorkingSet (physical memory assigned to process): 81M, peak: 81M
current process commit charge ("private bytes"): 362M, peak: 362M

vm_info: OpenJDK 64-Bit Server VM (23.0.1+11) for windows-amd64 JRE (23.0.1+11) (Zulu23.30+13-CA), built on 2024-10-04T17:21:46Z with MS VC++ 17.1 (VS2022)

END.
